Using pre-set license
Built from '2020.3/staging' branch; Version is '2020.3.11f1 (99c7afb366b3) revision 10078127'; Using compiler version '192528614'; Build Type 'Release'
OS: 'Windows 10 Pro; OS build 19042.1288; Version 2009; 64bit' Language: 'de' Physical Memory: 32694 MB
BatchMode: 1, IsHumanControllingUs: 0, StartBugReporterOnCrash: 0, Is64bit: 1, IsPro: 0

 COMMAND LINE ARGUMENTS:
C:\Program Files\Unity\Hub\Editor\2020.3.11f1\Editor\Unity.exe
-adb2
-batchMode
-noUpm
-name
AssetImportWorker0
-projectPath
C:/Users/x79/Documents/GitHub/KISimulation/KISimulation
-logFile
Logs/AssetImportWorker0.log
-srvPort
53027
Successfully changed project path to: C:/Users/x79/Documents/GitHub/KISimulation/KISimulation
C:/Users/x79/Documents/GitHub/KISimulation/KISimulation
Using Asset Import Pipeline V2.
Refreshing native plugins compatible for Editor in 25.32 ms, found 2 plugins.
Preloading 0 native plugins for Editor in 0.00 ms.
Initialize engine version: 2020.3.11f1 (99c7afb366b3)
[Subsystems] Discovering subsystems at path C:/Program Files/Unity/Hub/Editor/2020.3.11f1/Editor/Data/Resources/UnitySubsystems
[Subsystems] Discovering subsystems at path C:/Users/x79/Documents/GitHub/KISimulation/KISimulation/Assets
GfxDevice: creating device client; threaded=0
Direct3D:
    Version:  Direct3D 11.0 [level 11.1]
    Renderer: NVIDIA GeForce GTX 1060 6GB (ID=0x1c06)
    Vendor:   
    VRAM:     6052 MB
    Driver:   30.0.14.9613
Initialize mono
Mono path[0] = 'C:/Program Files/Unity/Hub/Editor/2020.3.11f1/Editor/Data/Managed'
Mono path[1] = 'C:/Program Files/Unity/Hub/Editor/2020.3.11f1/Editor/Data/MonoBleedingEdge/lib/mono/unityjit'
Mono config path = 'C:/Program Files/Unity/Hub/Editor/2020.3.11f1/Editor/Data/MonoBleedingEdge/etc'
Using monoOptions --debugger-agent=transport=dt_socket,embedding=1,server=y,suspend=n,address=127.0.0.1:56436
Begin MonoManager ReloadAssembly
Registering precompiled unity dll's ...
Register platform support module: C:/Program Files/Unity/Hub/Editor/2020.3.11f1/Editor/Data/PlaybackEngines/WindowsStandaloneSupport/UnityEditor.WindowsStandalone.Extensions.dll
Registered in 0.001598 seconds.
Native extension for WindowsStandalone target not found
Refreshing native plugins compatible for Editor in 24.10 ms, found 2 plugins.
Preloading 0 native plugins for Editor in 0.00 ms.
Mono: successfully reloaded assembly
- Completed reload, in  0.923 seconds
Platform modules already initialized, skipping
Registering precompiled user dll's ...
Registered in 0.003311 seconds.
Begin MonoManager ReloadAssembly
Native extension for WindowsStandalone target not found
Refreshing native plugins compatible for Editor in 0.29 ms, found 2 plugins.
Preloading 0 native plugins for Editor in 0.00 ms.
Mono: successfully reloaded assembly
- Completed reload, in  0.854 seconds
Platform modules already initialized, skipping
========================================================================
Worker process is ready to serve import requests
Launched and connected shader compiler UnityShaderCompiler.exe after 0.03 seconds
Refreshing native plugins compatible for Editor in 0.43 ms, found 2 plugins.
Preloading 0 native plugins for Editor in 0.00 ms.
Unloading 1434 Unused Serialized files (Serialized files now loaded: 0)
System memory in use before: 68.0 MB.
System memory in use after: 68.0 MB.

Unloading 19 unused Assets to reduce memory usage. Loaded Objects now: 1868.
Total: 1.540600 ms (FindLiveObjects: 0.135900 ms CreateObjectMapping: 0.030800 ms MarkObjects: 1.305400 ms  DeleteObjects: 0.067400 ms)

========================================================================
Received Import Request.
  path: Assets/Prefabs/Enemybackup.prefab
  artifactKey: Guid(eef2635d26221a548adbf4fa8306304f) Importer(815301076,1909f56bfc062723c751e8b465ee728b)
Start importing Assets/Prefabs/Enemybackup.prefab using Guid(eef2635d26221a548adbf4fa8306304f) Importer(815301076,1909f56bfc062723c751e8b465ee728b)  -> (artifact id: 'd5d3c2c29d84dbbf21c5d7ba0183f043') in 0.081827 seconds
  Import took 0.083936 seconds .

========================================================================
Received Import Request.
  Time since last request: 0.000154 seconds.
  path: Assets/Prefabs
  artifactKey: Guid(6b58c7cbefb70fe4a9084285837ba2ea) Importer(815301076,1909f56bfc062723c751e8b465ee728b)
Start importing Assets/Prefabs using Guid(6b58c7cbefb70fe4a9084285837ba2ea) Importer(815301076,1909f56bfc062723c751e8b465ee728b)  -> (artifact id: 'c4ec6934d7272103626bec5901d70c26') in 0.005820 seconds
  Import took 0.007661 seconds .

========================================================================
Received Import Request.
  Time since last request: 0.000170 seconds.
  path: Assets/Prefabs/Enemy.prefab
  artifactKey: Guid(1e5cda656df6f0d45a4e63184e63527e) Importer(815301076,1909f56bfc062723c751e8b465ee728b)
Start importing Assets/Prefabs/Enemy.prefab using Guid(1e5cda656df6f0d45a4e63184e63527e) Importer(815301076,1909f56bfc062723c751e8b465ee728b)  -> (artifact id: '42c43755362e35edb70736b326e4e114') in 0.011939 seconds
  Import took 0.014124 seconds .

========================================================================
Received Import Request.
  Time since last request: 109.475145 seconds.
  path: Assets/Prefabs/Enemy 1.prefab
  artifactKey: Guid(891c35ae6afc4174baa739f11fc8937c) Importer(815301076,1909f56bfc062723c751e8b465ee728b)
Start importing Assets/Prefabs/Enemy 1.prefab using Guid(891c35ae6afc4174baa739f11fc8937c) Importer(815301076,1909f56bfc062723c751e8b465ee728b)  -> (artifact id: '60715cb6d835a3dcae2e94bf318e2608') in 0.010520 seconds
  Import took 0.012913 seconds .

========================================================================
Received Import Request.
  Time since last request: 0.004500 seconds.
  path: Assets/Prefabs/Enemy 1.prefab
  artifactKey: Guid(891c35ae6afc4174baa739f11fc8937c) Importer(815301076,1909f56bfc062723c751e8b465ee728b)
Start importing Assets/Prefabs/Enemy 1.prefab using Guid(891c35ae6afc4174baa739f11fc8937c) Importer(815301076,1909f56bfc062723c751e8b465ee728b)  -> (artifact id: '60715cb6d835a3dcae2e94bf318e2608') in 0.007202 seconds
  Import took 0.009351 seconds .

========================================================================
Received Import Request.
  Time since last request: 129.888883 seconds.
  path: Assets/Prefabs/Enemy.prefab
  artifactKey: Guid(1e5cda656df6f0d45a4e63184e63527e) Importer(815301076,1909f56bfc062723c751e8b465ee728b)
Start importing Assets/Prefabs/Enemy.prefab using Guid(1e5cda656df6f0d45a4e63184e63527e) Importer(815301076,1909f56bfc062723c751e8b465ee728b)  -> (artifact id: 'c0e9d0ce1e8ee6e5faf967e07b14816c') in 0.009567 seconds
  Import took 0.011704 seconds .

========================================================================
Received Import Request.
  Time since last request: 0.006391 seconds.
  path: Assets/Prefabs/Enemy.prefab
  artifactKey: Guid(1e5cda656df6f0d45a4e63184e63527e) Importer(815301076,1909f56bfc062723c751e8b465ee728b)
Start importing Assets/Prefabs/Enemy.prefab using Guid(1e5cda656df6f0d45a4e63184e63527e) Importer(815301076,1909f56bfc062723c751e8b465ee728b)  -> (artifact id: 'c0e9d0ce1e8ee6e5faf967e07b14816c') in 0.007275 seconds
  Import took 0.009424 seconds .

========================================================================
Received Prepare
Registering precompiled user dll's ...
Registered in 0.003010 seconds.
Begin MonoManager ReloadAssembly
Native extension for WindowsStandalone target not found
Refreshing native plugins compatible for Editor in 0.28 ms, found 2 plugins.
Preloading 0 native plugins for Editor in 0.00 ms.
Mono: successfully reloaded assembly
- Completed reload, in  0.781 seconds
Platform modules already initialized, skipping
Refreshing native plugins compatible for Editor in 0.29 ms, found 2 plugins.
Preloading 0 native plugins for Editor in 0.00 ms.
Unloading 1416 Unused Serialized files (Serialized files now loaded: 0)
System memory in use before: 69.8 MB.
System memory in use after: 69.9 MB.

Unloading 14 unused Assets to reduce memory usage. Loaded Objects now: 1880.
Total: 1.450800 ms (FindLiveObjects: 0.121000 ms CreateObjectMapping: 0.032900 ms MarkObjects: 1.252300 ms  DeleteObjects: 0.043900 ms)

========================================================================
Received Import Request.
  Time since last request: 92.873579 seconds.
  path: Assets/Prefabs/Enemy.prefab
  artifactKey: Guid(1e5cda656df6f0d45a4e63184e63527e) Importer(815301076,1909f56bfc062723c751e8b465ee728b)
Start importing Assets/Prefabs/Enemy.prefab using Guid(1e5cda656df6f0d45a4e63184e63527e) Importer(815301076,1909f56bfc062723c751e8b465ee728b)  -> (artifact id: 'de43ed7f730fd01b975908ddfd1ee657') in 0.048241 seconds
  Import took 0.050390 seconds .

========================================================================
Received Prepare
Registering precompiled user dll's ...
Registered in 0.002810 seconds.
Begin MonoManager ReloadAssembly
Native extension for WindowsStandalone target not found
Refreshing native plugins compatible for Editor in 0.30 ms, found 2 plugins.
Preloading 0 native plugins for Editor in 0.00 ms.
Mono: successfully reloaded assembly
- Completed reload, in  0.788 seconds
Platform modules already initialized, skipping
Refreshing native plugins compatible for Editor in 0.29 ms, found 2 plugins.
Preloading 0 native plugins for Editor in 0.00 ms.
Unloading 1416 Unused Serialized files (Serialized files now loaded: 0)
System memory in use before: 69.9 MB.
System memory in use after: 69.9 MB.

Unloading 14 unused Assets to reduce memory usage. Loaded Objects now: 1884.
Total: 1.563500 ms (FindLiveObjects: 0.141100 ms CreateObjectMapping: 0.035400 ms MarkObjects: 1.342300 ms  DeleteObjects: 0.043700 ms)

========================================================================
Received Import Request.
  Time since last request: 109.718048 seconds.
  path: Assets/Prefabs/Enemy.prefab
  artifactKey: Guid(1e5cda656df6f0d45a4e63184e63527e) Importer(815301076,1909f56bfc062723c751e8b465ee728b)
Start importing Assets/Prefabs/Enemy.prefab using Guid(1e5cda656df6f0d45a4e63184e63527e) Importer(815301076,1909f56bfc062723c751e8b465ee728b)  -> (artifact id: 'e32c03878c31f9d253697f43a33db0b8') in 0.044053 seconds
  Import took 0.046067 seconds .

========================================================================
Received Import Request.
  Time since last request: 7.933791 seconds.
  path: Assets/Prefabs/Enemy 1.prefab
  artifactKey: Guid(891c35ae6afc4174baa739f11fc8937c) Importer(815301076,1909f56bfc062723c751e8b465ee728b)
Start importing Assets/Prefabs/Enemy 1.prefab using Guid(891c35ae6afc4174baa739f11fc8937c) Importer(815301076,1909f56bfc062723c751e8b465ee728b)  -> (artifact id: '95025fdaa6ec8fd222e98aa1b4532fd7') in 0.015475 seconds
  Import took 0.017607 seconds .

========================================================================
Received Import Request.
  Time since last request: 0.004186 seconds.
  path: Assets/Prefabs/Enemy 1.prefab
  artifactKey: Guid(891c35ae6afc4174baa739f11fc8937c) Importer(815301076,1909f56bfc062723c751e8b465ee728b)
Start importing Assets/Prefabs/Enemy 1.prefab using Guid(891c35ae6afc4174baa739f11fc8937c) Importer(815301076,1909f56bfc062723c751e8b465ee728b)  -> (artifact id: '95025fdaa6ec8fd222e98aa1b4532fd7') in 0.007586 seconds
  Import took 0.009782 seconds .

========================================================================
Received Prepare
Registering precompiled user dll's ...
Registered in 0.002855 seconds.
Begin MonoManager ReloadAssembly
Native extension for WindowsStandalone target not found
Refreshing native plugins compatible for Editor in 0.29 ms, found 2 plugins.
Preloading 0 native plugins for Editor in 0.00 ms.
Mono: successfully reloaded assembly
- Completed reload, in  0.741 seconds
Platform modules already initialized, skipping
Refreshing native plugins compatible for Editor in 0.29 ms, found 2 plugins.
Preloading 0 native plugins for Editor in 0.00 ms.
Unloading 1416 Unused Serialized files (Serialized files now loaded: 0)
System memory in use before: 69.9 MB.
System memory in use after: 69.9 MB.

Unloading 14 unused Assets to reduce memory usage. Loaded Objects now: 1888.
Total: 1.620600 ms (FindLiveObjects: 0.152500 ms CreateObjectMapping: 0.030100 ms MarkObjects: 1.383700 ms  DeleteObjects: 0.053200 ms)

========================================================================
Received Prepare
Registering precompiled user dll's ...
Registered in 0.002813 seconds.
Begin MonoManager ReloadAssembly
Native extension for WindowsStandalone target not found
Refreshing native plugins compatible for Editor in 0.29 ms, found 2 plugins.
Preloading 0 native plugins for Editor in 0.00 ms.
Mono: successfully reloaded assembly
- Completed reload, in  0.792 seconds
Platform modules already initialized, skipping
Refreshing native plugins compatible for Editor in 0.28 ms, found 2 plugins.
Preloading 0 native plugins for Editor in 0.00 ms.
Unloading 1416 Unused Serialized files (Serialized files now loaded: 0)
System memory in use before: 69.9 MB.
System memory in use after: 69.9 MB.

Unloading 14 unused Assets to reduce memory usage. Loaded Objects now: 1891.
Total: 1.704600 ms (FindLiveObjects: 0.127000 ms CreateObjectMapping: 0.030600 ms MarkObjects: 1.505700 ms  DeleteObjects: 0.040200 ms)

========================================================================
Received Import Request.
  Time since last request: 110.812364 seconds.
  path: Assets/Prefabs/Enemy 1.prefab
  artifactKey: Guid(891c35ae6afc4174baa739f11fc8937c) Importer(815301076,1909f56bfc062723c751e8b465ee728b)
Start importing Assets/Prefabs/Enemy 1.prefab using Guid(891c35ae6afc4174baa739f11fc8937c) Importer(815301076,1909f56bfc062723c751e8b465ee728b)  -> (artifact id: '0e8a5e26d05159b88a559b1de6061286') in 0.044799 seconds
  Import took 0.046938 seconds .

========================================================================
Received Import Request.
  Time since last request: 0.000129 seconds.
  path: Assets/Prefabs/Enemy.prefab
  artifactKey: Guid(1e5cda656df6f0d45a4e63184e63527e) Importer(815301076,1909f56bfc062723c751e8b465ee728b)
Start importing Assets/Prefabs/Enemy.prefab using Guid(1e5cda656df6f0d45a4e63184e63527e) Importer(815301076,1909f56bfc062723c751e8b465ee728b)  -> (artifact id: '75f2656d71fef8a6687d28b3650ee93f') in 0.009093 seconds
  Import took 0.011098 seconds .

========================================================================
Received Import Request.
  Time since last request: 29.714566 seconds.
  path: Assets/Prefabs/Enemy.prefab
  artifactKey: Guid(1e5cda656df6f0d45a4e63184e63527e) Importer(815301076,1909f56bfc062723c751e8b465ee728b)
Start importing Assets/Prefabs/Enemy.prefab using Guid(1e5cda656df6f0d45a4e63184e63527e) Importer(815301076,1909f56bfc062723c751e8b465ee728b)  -> (artifact id: '83de5c7c4e4627ee0aee729c57f85aa3') in 0.009583 seconds
  Import took 0.011706 seconds .

========================================================================
Received Import Request.
  Time since last request: 0.006225 seconds.
  path: Assets/Prefabs/Enemy.prefab
  artifactKey: Guid(1e5cda656df6f0d45a4e63184e63527e) Importer(815301076,1909f56bfc062723c751e8b465ee728b)
Start importing Assets/Prefabs/Enemy.prefab using Guid(1e5cda656df6f0d45a4e63184e63527e) Importer(815301076,1909f56bfc062723c751e8b465ee728b)  -> (artifact id: '83de5c7c4e4627ee0aee729c57f85aa3') in 0.007271 seconds
  Import took 0.009125 seconds .

========================================================================
Received Prepare
Registering precompiled user dll's ...
Registered in 0.002775 seconds.
Begin MonoManager ReloadAssembly
Native extension for WindowsStandalone target not found
Refreshing native plugins compatible for Editor in 0.32 ms, found 2 plugins.
Preloading 0 native plugins for Editor in 0.00 ms.
Mono: successfully reloaded assembly
- Completed reload, in  0.790 seconds
Platform modules already initialized, skipping
Refreshing native plugins compatible for Editor in 0.28 ms, found 2 plugins.
Preloading 0 native plugins for Editor in 0.00 ms.
Unloading 1416 Unused Serialized files (Serialized files now loaded: 0)
System memory in use before: 69.9 MB.
System memory in use after: 70.0 MB.

Unloading 14 unused Assets to reduce memory usage. Loaded Objects now: 1895.
Total: 1.498800 ms (FindLiveObjects: 0.142500 ms CreateObjectMapping: 0.029100 ms MarkObjects: 1.289300 ms  DeleteObjects: 0.037100 ms)

========================================================================
Received Prepare
Registering precompiled user dll's ...
Registered in 0.002863 seconds.
Begin MonoManager ReloadAssembly
Native extension for WindowsStandalone target not found
Refreshing native plugins compatible for Editor in 0.28 ms, found 2 plugins.
Preloading 0 native plugins for Editor in 0.00 ms.
Mono: successfully reloaded assembly
- Completed reload, in  0.761 seconds
Platform modules already initialized, skipping
Refreshing native plugins compatible for Editor in 0.30 ms, found 2 plugins.
Preloading 0 native plugins for Editor in 0.00 ms.
Unloading 1416 Unused Serialized files (Serialized files now loaded: 0)
System memory in use before: 69.9 MB.
System memory in use after: 70.0 MB.

Unloading 14 unused Assets to reduce memory usage. Loaded Objects now: 1898.
Total: 2.537200 ms (FindLiveObjects: 0.165100 ms CreateObjectMapping: 0.043100 ms MarkObjects: 2.264600 ms  DeleteObjects: 0.062900 ms)

========================================================================
Received Prepare
Registering precompiled user dll's ...
Registered in 0.003183 seconds.
Begin MonoManager ReloadAssembly
Native extension for WindowsStandalone target not found
Refreshing native plugins compatible for Editor in 0.28 ms, found 2 plugins.
Preloading 0 native plugins for Editor in 0.00 ms.
Mono: successfully reloaded assembly
- Completed reload, in  0.770 seconds
Platform modules already initialized, skipping
Refreshing native plugins compatible for Editor in 0.28 ms, found 2 plugins.
Preloading 0 native plugins for Editor in 0.00 ms.
Unloading 1416 Unused Serialized files (Serialized files now loaded: 0)
System memory in use before: 69.9 MB.
System memory in use after: 70.0 MB.

Unloading 14 unused Assets to reduce memory usage. Loaded Objects now: 1901.
Total: 1.711200 ms (FindLiveObjects: 0.139600 ms CreateObjectMapping: 0.036600 ms MarkObjects: 1.488700 ms  DeleteObjects: 0.045100 ms)

========================================================================
Received Prepare
Registering precompiled user dll's ...
Registered in 0.002852 seconds.
Begin MonoManager ReloadAssembly
Native extension for WindowsStandalone target not found
Refreshing native plugins compatible for Editor in 0.28 ms, found 2 plugins.
Preloading 0 native plugins for Editor in 0.00 ms.
Mono: successfully reloaded assembly
- Completed reload, in  0.747 seconds
Platform modules already initialized, skipping
Refreshing native plugins compatible for Editor in 0.29 ms, found 2 plugins.
Preloading 0 native plugins for Editor in 0.00 ms.
Unloading 1416 Unused Serialized files (Serialized files now loaded: 0)
System memory in use before: 69.9 MB.
System memory in use after: 70.0 MB.

Unloading 14 unused Assets to reduce memory usage. Loaded Objects now: 1904.
Total: 1.905200 ms (FindLiveObjects: 0.139100 ms CreateObjectMapping: 0.031100 ms MarkObjects: 1.667900 ms  DeleteObjects: 0.065800 ms)

========================================================================
Received Prepare
Registering precompiled user dll's ...
Registered in 0.002829 seconds.
Begin MonoManager ReloadAssembly
Native extension for WindowsStandalone target not found
Refreshing native plugins compatible for Editor in 0.30 ms, found 2 plugins.
Preloading 0 native plugins for Editor in 0.00 ms.
Mono: successfully reloaded assembly
- Completed reload, in  0.753 seconds
Platform modules already initialized, skipping
Refreshing native plugins compatible for Editor in 0.29 ms, found 2 plugins.
Preloading 0 native plugins for Editor in 0.00 ms.
Unloading 1416 Unused Serialized files (Serialized files now loaded: 0)
System memory in use before: 69.9 MB.
System memory in use after: 70.0 MB.

Unloading 14 unused Assets to reduce memory usage. Loaded Objects now: 1907.
Total: 1.563900 ms (FindLiveObjects: 0.143700 ms CreateObjectMapping: 0.029600 ms MarkObjects: 1.342800 ms  DeleteObjects: 0.046900 ms)

========================================================================
Received Prepare
Registering precompiled user dll's ...
Registered in 0.002857 seconds.
Begin MonoManager ReloadAssembly
Native extension for WindowsStandalone target not found
Refreshing native plugins compatible for Editor in 0.29 ms, found 2 plugins.
Preloading 0 native plugins for Editor in 0.00 ms.
Mono: successfully reloaded assembly
- Completed reload, in  0.737 seconds
Platform modules already initialized, skipping
Refreshing native plugins compatible for Editor in 0.30 ms, found 2 plugins.
Preloading 0 native plugins for Editor in 0.00 ms.
Unloading 1416 Unused Serialized files (Serialized files now loaded: 0)
System memory in use before: 69.9 MB.
System memory in use after: 70.0 MB.

Unloading 14 unused Assets to reduce memory usage. Loaded Objects now: 1910.
Total: 1.485300 ms (FindLiveObjects: 0.128600 ms CreateObjectMapping: 0.031300 ms MarkObjects: 1.279600 ms  DeleteObjects: 0.045000 ms)

========================================================================
Received Prepare
Registering precompiled user dll's ...
Registered in 0.003165 seconds.
Begin MonoManager ReloadAssembly
Native extension for WindowsStandalone target not found
Refreshing native plugins compatible for Editor in 0.28 ms, found 2 plugins.
Preloading 0 native plugins for Editor in 0.00 ms.
Mono: successfully reloaded assembly
- Completed reload, in  0.783 seconds
Platform modules already initialized, skipping
Refreshing native plugins compatible for Editor in 0.28 ms, found 2 plugins.
Preloading 0 native plugins for Editor in 0.00 ms.
Unloading 1416 Unused Serialized files (Serialized files now loaded: 0)
System memory in use before: 69.9 MB.
System memory in use after: 70.0 MB.

Unloading 14 unused Assets to reduce memory usage. Loaded Objects now: 1913.
Total: 1.937800 ms (FindLiveObjects: 0.150300 ms CreateObjectMapping: 0.031600 ms MarkObjects: 1.687500 ms  DeleteObjects: 0.067300 ms)

========================================================================
Received Prepare
Registering precompiled user dll's ...
Registered in 0.002931 seconds.
Begin MonoManager ReloadAssembly
Native extension for WindowsStandalone target not found
Refreshing native plugins compatible for Editor in 0.34 ms, found 2 plugins.
Preloading 0 native plugins for Editor in 0.00 ms.
Mono: successfully reloaded assembly
- Completed reload, in  0.801 seconds
Platform modules already initialized, skipping
Refreshing native plugins compatible for Editor in 0.29 ms, found 2 plugins.
Preloading 0 native plugins for Editor in 0.00 ms.
Unloading 1416 Unused Serialized files (Serialized files now loaded: 0)
System memory in use before: 69.9 MB.
System memory in use after: 70.0 MB.

Unloading 14 unused Assets to reduce memory usage. Loaded Objects now: 1916.
Total: 1.513400 ms (FindLiveObjects: 0.122400 ms CreateObjectMapping: 0.029700 ms MarkObjects: 1.296400 ms  DeleteObjects: 0.064000 ms)

========================================================================
Received Prepare
Registering precompiled user dll's ...
Registered in 0.002804 seconds.
Begin MonoManager ReloadAssembly
Native extension for WindowsStandalone target not found
Refreshing native plugins compatible for Editor in 0.31 ms, found 2 plugins.
Preloading 0 native plugins for Editor in 0.00 ms.
Mono: successfully reloaded assembly
- Completed reload, in  0.800 seconds
Platform modules already initialized, skipping
Refreshing native plugins compatible for Editor in 0.31 ms, found 2 plugins.
Preloading 0 native plugins for Editor in 0.00 ms.
Unloading 1416 Unused Serialized files (Serialized files now loaded: 0)
System memory in use before: 69.9 MB.
System memory in use after: 70.0 MB.

Unloading 14 unused Assets to reduce memory usage. Loaded Objects now: 1919.
Total: 1.680600 ms (FindLiveObjects: 0.158700 ms CreateObjectMapping: 0.032000 ms MarkObjects: 1.437700 ms  DeleteObjects: 0.050900 ms)

========================================================================
Received Prepare
Registering precompiled user dll's ...
Registered in 0.002984 seconds.
Begin MonoManager ReloadAssembly
Native extension for WindowsStandalone target not found
Refreshing native plugins compatible for Editor in 0.30 ms, found 2 plugins.
Preloading 0 native plugins for Editor in 0.00 ms.
Mono: successfully reloaded assembly
- Completed reload, in  0.812 seconds
Platform modules already initialized, skipping
Refreshing native plugins compatible for Editor in 0.32 ms, found 2 plugins.
Preloading 0 native plugins for Editor in 0.00 ms.
Unloading 1416 Unused Serialized files (Serialized files now loaded: 0)
System memory in use before: 69.9 MB.
System memory in use after: 70.0 MB.

Unloading 14 unused Assets to reduce memory usage. Loaded Objects now: 1922.
Total: 1.546300 ms (FindLiveObjects: 0.142400 ms CreateObjectMapping: 0.030800 ms MarkObjects: 1.326500 ms  DeleteObjects: 0.045700 ms)

========================================================================
Received Prepare
Registering precompiled user dll's ...
Registered in 0.002944 seconds.
Begin MonoManager ReloadAssembly
Native extension for WindowsStandalone target not found
Refreshing native plugins compatible for Editor in 0.30 ms, found 2 plugins.
Preloading 0 native plugins for Editor in 0.00 ms.
Mono: successfully reloaded assembly
- Completed reload, in  0.776 seconds
Platform modules already initialized, skipping
Refreshing native plugins compatible for Editor in 0.29 ms, found 2 plugins.
Preloading 0 native plugins for Editor in 0.00 ms.
Unloading 1416 Unused Serialized files (Serialized files now loaded: 0)
System memory in use before: 69.9 MB.
System memory in use after: 70.0 MB.

Unloading 14 unused Assets to reduce memory usage. Loaded Objects now: 1925.
Total: 1.504000 ms (FindLiveObjects: 0.122000 ms CreateObjectMapping: 0.030500 ms MarkObjects: 1.306400 ms  DeleteObjects: 0.044200 ms)

========================================================================
Received Prepare
Registering precompiled user dll's ...
Registered in 0.003108 seconds.
Begin MonoManager ReloadAssembly
Native extension for WindowsStandalone target not found
Refreshing native plugins compatible for Editor in 0.29 ms, found 2 plugins.
Preloading 0 native plugins for Editor in 0.00 ms.
Mono: successfully reloaded assembly
- Completed reload, in  0.812 seconds
Platform modules already initialized, skipping
Refreshing native plugins compatible for Editor in 0.33 ms, found 2 plugins.
Preloading 0 native plugins for Editor in 0.00 ms.
Unloading 1416 Unused Serialized files (Serialized files now loaded: 0)
System memory in use before: 70.0 MB.
System memory in use after: 70.0 MB.

Unloading 14 unused Assets to reduce memory usage. Loaded Objects now: 1928.
Total: 1.732200 ms (FindLiveObjects: 0.157300 ms CreateObjectMapping: 0.029200 ms MarkObjects: 1.497800 ms  DeleteObjects: 0.046900 ms)

========================================================================
Received Prepare
Registering precompiled user dll's ...
Registered in 0.003418 seconds.
Begin MonoManager ReloadAssembly
Native extension for WindowsStandalone target not found
Refreshing native plugins compatible for Editor in 0.30 ms, found 2 plugins.
Preloading 0 native plugins for Editor in 0.00 ms.
Mono: successfully reloaded assembly
- Completed reload, in  0.807 seconds
Platform modules already initialized, skipping
Refreshing native plugins compatible for Editor in 0.32 ms, found 2 plugins.
Preloading 0 native plugins for Editor in 0.00 ms.
Unloading 1416 Unused Serialized files (Serialized files now loaded: 0)
System memory in use before: 70.0 MB.
System memory in use after: 70.0 MB.

Unloading 14 unused Assets to reduce memory usage. Loaded Objects now: 1931.
Total: 1.491500 ms (FindLiveObjects: 0.135200 ms CreateObjectMapping: 0.030000 ms MarkObjects: 1.281300 ms  DeleteObjects: 0.044100 ms)

========================================================================
Received Prepare
Registering precompiled user dll's ...
Registered in 0.003109 seconds.
Begin MonoManager ReloadAssembly
Native extension for WindowsStandalone target not found
Refreshing native plugins compatible for Editor in 0.41 ms, found 2 plugins.
Preloading 0 native plugins for Editor in 0.00 ms.
Mono: successfully reloaded assembly
- Completed reload, in  0.812 seconds
Platform modules already initialized, skipping
Refreshing native plugins compatible for Editor in 0.29 ms, found 2 plugins.
Preloading 0 native plugins for Editor in 0.00 ms.
Unloading 1416 Unused Serialized files (Serialized files now loaded: 0)
System memory in use before: 70.0 MB.
System memory in use after: 70.0 MB.

Unloading 14 unused Assets to reduce memory usage. Loaded Objects now: 1934.
Total: 1.491800 ms (FindLiveObjects: 0.130700 ms CreateObjectMapping: 0.030600 ms MarkObjects: 1.287000 ms  DeleteObjects: 0.042500 ms)

AssetImportWorkerClient::OnTransportError - code=2 error=End of file
